<?xml version="1.0" encoding="UTF-8"?>
<!-- Generated by org.testng.reporters.JUnitReportReporter -->
<testsuite hostname="LAPTOP-VNBA3OG5" failures="0" tests="3" name="FindcommonPrefix.FindPrefix" time="0.016" errors="0" timestamp="2021-10-16T19:55:00 CDT" skipped="0">
  <testcase classname="FindcommonPrefix.FindPrefix" name="test1" time="0.013"/>
  <system-out/>
  <testcase classname="FindcommonPrefix.FindPrefix" name="test2" time="0.002"/>
  <system-out/>
  <testcase classname="FindcommonPrefix.FindPrefix" name="test3" time="0.001"/>
  <system-out/>
</testsuite> <!-- FindcommonPrefix.FindPrefix -->
